<?xml version="1.0" encoding="utf-8" standalone="no"?>
<test-run id="2" testcasecount="0" result="Failed" label="Invalid" total="0" passed="0" failed="0" inconclusive="0" skipped="0" asserts="0" engine-version="3.7.0.0" clr-version="4.0.30319.42000" start-time="2017-09-19 16:48:50Z" end-time="2017-09-19 16:48:51Z" duration="0.542986">
  <command-line><![CDATA[nunit3-console  Class1.cs]]></command-line>
  <test-suite type="Unknown" id="0-1" name="Class1.cs" fullname="D:\Files\University\4_Year\Software testing\Laboratory_works\ClassLibrary1\ClassLibrary1\Class1.cs" testcasecount="0" runstate="NotRunnable" result="Failed" label="Invalid">
    <properties>
      <property name="_SKIPREASON" value="File type is not supported" />
    </properties>
    <reason>
      <message>File type is not supported</message>
    </reason>
  </test-suite>
</test-run>